137 342
147 262
141 123
118 7
81 -90
33 -178
-33 -247
-98 -283
-245 -316
-386 -323
-476 -316
-568 -281
-625 -230
$
-625 -230,-625 -230
-568 -281,-568 -281
-625 -230,-568 -281;-568 -281,-625 -230
-476 -316,-476 -316
-386 -323,-386 -323
-476 -316,-386 -323;-386 -323,-476 -316
-625 -230,-568 -281;-568 -281,-476 -316;-476 -316,-386 -323;-386 -323,-625 -230
-245 -316,-245 -316
-98 -283,-98 -283
-245 -316,-98 -283;-98 -283,-245 -316
-33 -247,-33 -247
-245 -316,-98 -283;-98 -283,-33 -247;-33 -247,-245 -316
-625 -230,-568 -281;-568 -281,-476 -316;-476 -316,-386 -323;-386 -323,-245 -316;-245 -316,-98 -283;-98 -283,-33 -247;-33 -247,-625 -230
33 -178,33 -178
81 -90,81 -90
33 -178,81 -90;81 -90,33 -178
118 7,118 7
33 -178,81 -90;81 -90,118 7;118 7,33 -178
137 342,137 342
141 123,141 123
137 342,141 123;141 123,137 342
147 262,147 262
137 342,141 123;141 123,147 262;147 262,137 342
33 -178,81 -90;81 -90,118 7;118 7,141 123;141 123,147 262;147 262,137 342;137 342,33 -178
-625 -230,-568 -281;-568 -281,-476 -316;-476 -316,-386 -323;-386 -323,-245 -316;-245 -316,-98 -283;-98 -283,-33 -247;-33 -247,33 -178;33 -178,81 -90;81 -90,118 7;118 7,141 123;141 123,147 262;147 262,137 342;137 342,-625 -230
